start server.
(2023-09-30.06:49:04) contains: 니애미 | 
(2023-09-30.06:49:28) contains: 니애미 | 
(2023-09-30.06:49:30) contains: 니애미 | 
(2023-09-30.06:49:30) similar: 꼬추 넣어줘 | 
(2023-09-30.06:49:52) contains: 은근슬쩍 | 
(2023-09-30.06:49:57) contains: 꼬추 넣어줘 | 
(2023-09-30.06:50:23) contains: 오오츠츠키 | 
(2023-09-30.06:50:32) contains: 오오오오오옥 | 
(2023-09-30.06:51:05) contains: 은근슬쩍 만지게 | 
(2023-09-30.06:51:30) contains: 은근슬쩍 | 
(2023-09-30.06:51:45) similar: 꼬추 넣어줘 | 
(2023-09-30.06:51:47) contains: 꼬추 넣어줘 | 
(2023-09-30.06:51:52) similar: 꼬추 넣어줘 | 
(2023-09-30.06:51:54) contains: 꼬추 넣어줘 | 
(2023-09-30.06:51:57) contains: 은근슬쩍 | 
(2023-09-30.06:52:10) contains: 은근슬쩍 | 
(2023-09-30.06:52:17) contains: 은근슬쩍 안에 | 
(2023-09-30.06:52:29) contains: 은근슬쩍 | 
(2023-09-30.06:52:37) contains: 은근슬쩍 | 
(2023-09-30.06:52:39) contains: 은근슬쩍 | 
(2023-09-30.06:52:41) contains: 최면 | 
(2023-09-30.06:52:45) contains: 마마 치히로둘이서 상사상애노콘질싸범벅임신섹스 잔뜩하고싶으니까♡그에게폐 끼치고싶진 않으니까그의 유전자로만든귀여운 아기나랑 나오군끼리키우며 살아요♡양육비 버는거힘내요파~파♡♡♡ | 
(2023-09-30.06:53:12) contains: 은근슬쩍 | 
(2023-09-30.06:53:12) contains: 은근슬쩍 | 
(2023-09-30.06:53:21) contains: 갼댜 | 
(2023-09-30.06:53:23) contains: 점장님 | 
(2023-09-30.06:53:53) contains: 꼬추 넣어줘 | 
(2023-09-30.06:54:05) contains: 간댜 | 
(2023-09-30.06:54:46) contains: 은근슬쩍 | 
(2023-09-30.06:54:57) contains: 오옷 | 
(2023-09-30.06:55:03) contains: 오나홀 | 
(2023-09-30.06:55:42) contains: 은근슬쩍 | 
(2023-09-30.06:55:48) contains: 응오옷 | 
(2023-09-30.06:55:56) contains: 절정 참기 | 
(2023-09-30.06:56:39) contains: 뒷처리 | 
(2023-09-30.06:56:55) contains: 니애미 | 
(2023-09-30.06:56:57) contains: rank | 
(2023-09-30.06:57:24) contains: 은근슬쩍 | 
(2023-09-30.06:57:30) contains: 은근슬쩍 | 
(2023-09-30.06:57:40) contains: 기절해 | 
(2023-09-30.06:58:20) contains: 흘러 | 
(2023-09-30.06:58:53) contains: 은근슬쩍 | 
(2023-09-30.06:59:04) contains: 참을수가없는걸 | 
(2023-09-30.06:59:10) contains: 은근슬쩍 | 
(2023-09-30.06:59:21) contains: 은근슬쩍 | 
(2023-09-30.06:59:27) contains: 잠지 | 
(2023-09-30.07:01:06) contains: 너무 많아서 삼킬수가 | 
(2023-09-30.07:01:40) contains: 정액에 질식 | 
(2023-09-30.07:01:52) contains: 은근슬쩍 | 
(2023-09-30.07:02:06) contains: 질내사정만은 제발 | 
(2023-09-30.07:02:35) contains: 은근슬쩍 | 
(2023-09-30.07:02:53) contains: 허접 | 
(2023-09-30.07:03:19) contains: 흐른다 | 
(2023-09-30.07:03:42) contains: 호시노 보지에 | 
(2023-09-30.07:04:15) contains: 은근슬쩍 | 
(2023-09-30.07:04:17) contains: 호시노 보지에 한 방울도 남기지 않고 | 
(2023-09-30.07:04:50) contains: 은근슬쩍 | 
(2023-09-30.07:04:57) contains: 허접 | 
(2023-09-30.07:05:00) contains: 오고곡 | 
(2023-09-30.07:05:16) contains: 전부 삼켜 | 
(2023-09-30.07:05:40) contains: 은근슬쩍 | 
(2023-09-30.07:05:56) contains: 구미호 | 
(2023-09-30.07:06:01) contains: 빼줘 | 
(2023-09-30.07:08:34) contains: 은근슬쩍 | 
(2023-09-30.07:08:59) contains: 아빠 | 
(2023-09-30.07:10:37) contains: 은근슬쩍 | 
(2023-09-30.07:10:48) contains: 은근슬쩍 | 
(2023-09-30.07:10:56) contains: 은근슬쩍 | 
(2023-09-30.07:10:56) contains: 아직 엄마가 | 
(2023-09-30.07:11:00) contains: 응기잇 | 
(2023-09-30.07:11:03) contains: 호시노 보지에 | 
(2023-09-30.07:11:36) contains: 은근슬쩍 | 
(2023-09-30.07:11:41) contains: 응기잇 | 
(2023-09-30.07:11:43) contains: 아빠한테 강간 | 
(2023-09-30.07:11:55) contains: 은근슬쩍 | 
(2023-09-30.07:12:12) contains: 은근슬쩍 | 
(2023-09-30.07:12:25) contains: 아빠 자지 | 
(2023-09-30.07:15:14) contains: 은근슬쩍 | 
(2023-09-30.07:15:25) contains: 뒷보지 | 
(2023-09-30.07:16:42) contains: 은근슬쩍 | 
(2023-09-30.07:16:46) contains: 응기잇 | 
(2023-09-30.07:19:07) contains: 은근슬쩍 | 
(2023-09-30.07:19:07) contains: 은근슬쩍 | 
(2023-09-30.07:19:13) contains: 응기잇 | 
(2023-09-30.07:20:28) contains: 임신 | 
(2023-09-30.07:22:04) contains: 응기잇! | 
(2023-09-30.07:22:45) contains: 남매 사이에 | 
(2023-09-30.07:24:45) contains: 은근슬쩍 | 
(2023-09-30.07:24:59) contains: 화이트 | 
(2023-09-30.07:26:03) contains: 은근슬쩍 | 
(2023-09-30.07:26:18) contains: 은근슬쩍 | 
(2023-09-30.07:26:28) contains: 빨간망토 | 
(2023-09-30.07:26:43) contains: 화이트 데이 | 
(2023-09-30.07:26:48) contains: 화이트 로리 | 
(2023-09-30.07:26:58) contains: 은근슬쩍 | 
(2023-09-30.07:27:06) contains: 오곡 | 
(2023-09-30.07:27:16) contains: 화이트 | 
(2023-09-30.07:27:19) contains: 은근슬쩍 | 
(2023-09-30.07:27:38) contains: 시발년아 임신해라 | 
(2023-09-30.07:27:46) contains: 임신질싸 전문인나키 파파♡랑그 파파전용이된임신한 마마 치히로둘이서 상사상애노콘질싸범벅임신섹스 잔뜩하고싶으니까♡그에게폐 끼치고싶진 않으니까그의 유전자로만든귀여운 아기나랑 나오군끼리키우며 살아요♡양육비 버는거힘내요파~파♡♡♡ | 
(2023-09-30.07:28:02) contains: 주제에 | 
(2023-09-30.07:28:15) contains: 은근슬쩍 | 
(2023-09-30.07:28:35) contains: 2톤 교배프레스 | 
(2023-09-30.07:30:20) contains: 은근슬쩍 | 
(2023-09-30.07:30:29) contains: 믿었는데 | 
(2023-09-30.07:30:43) contains: 마조 | 
(2023-09-30.07:30:55) contains: 은근슬쩍 | 
(2023-09-30.07:31:07) contains: 유학 | 
(2023-09-30.07:31:43) contains: 은근슬쩍 | 
(2023-09-30.07:31:52) contains: 유학 | 
(2023-09-30.07:32:17) contains: 은근슬쩍 | 
(2023-09-30.07:32:25) contains: 로리 | 
(2023-09-30.07:33:01) contains: 은근슬쩍 | 
(2023-09-30.07:33:09) contains: 자위용 최고의 | 
(2023-09-30.07:33:52) contains: 어서와요 | 
(2023-09-30.07:35:32) similar: 마조 | 
(2023-09-30.07:35:37) contains: 마조 | 
(2023-09-30.07:35:44) contains: 젤리 | 
(2023-09-30.07:36:09) contains: 은근슬쩍 | 
(2023-09-30.07:36:18) contains: 은근슬쩍 | 
(2023-09-30.07:36:23) contains: 집지키기 | 
(2023-09-30.07:36:32) contains: 젤리 배설 | 
(2023-09-30.07:36:43) contains: 위험해 | 
(2023-09-30.07:38:13) contains: 은근슬쩍 | 
(2023-09-30.07:38:29) contains: 은근슬쩍 | 
(2023-09-30.07:38:32) contains: 은근슬쩍 | 
(2023-09-30.07:39:07) contains: 은근슬쩍 | 
(2023-09-30.07:39:11) contains: 은근슬쩍 | 
(2023-09-30.07:39:16) contains: 은근슬쩍 | 
(2023-09-30.07:39:44) contains: 젖었어 | 
(2023-09-30.07:39:52) contains: 망가져 | 
(2023-09-30.07:42:00) contains: 은근슬쩍 | 
(2023-09-30.07:42:04) contains: 위험 젖어 | 
(2023-09-30.07:42:38) contains: 도게자 | 
(2023-09-30.07:43:07) contains: 은근슬쩍 | 
(2023-09-30.07:43:12) contains: 도게자 | 
(2023-09-30.07:43:34) contains: 은근슬쩍 | 
(2023-09-30.07:43:43) contains: 은근슬쩍 안에 | 
(2023-09-30.07:44:20) contains: 임신 | 
(2023-09-30.07:45:49) contains: 은근슬쩍 | 
(2023-09-30.07:45:59) contains: 딸 | 
(2023-09-30.07:47:26) contains: 은근슬쩍 | 
(2023-09-30.07:47:33) contains: 인생의 절반 | 
(2023-09-30.07:47:43) contains: 은근슬쩍 | 
(2023-09-30.07:47:49) contains: 응냑 | 
(2023-09-30.07:48:47) contains: 응호오 | 
(2023-09-30.07:48:57) contains: 임신질싸 전문인나미키 파파♡랑그 파파전용이된임신한 마마 치히로둘이서 상사상애노콘질싸범벅임신섹스 잔뜩하고싶으니까♡그에게폐 끼치고싶진 않으니까그의 유전자로만든귀여운 아기나랑 나오군끼리키우며 살아요♡양육비 버는거힘내요파~파♡♡♡ | 
(2023-09-30.07:49:16) contains: 은근슬쩍 | 
(2023-09-30.07:49:27) contains: 이런곳에서 | 
(2023-09-30.07:49:48) contains: 은근슬쩍 | 
(2023-09-30.07:50:10) contains: 콘돔 | 
(2023-09-30.07:50:38) contains: 위험 젖었 | 
(2023-09-30.07:51:04) contains: 콘돔 껴줘 | 
(2023-09-30.07:51:19) similar: 콘돔 껴줘 | 
(2023-09-30.07:51:36) similar: 콘돔 | 
(2023-09-30.07:51:57) similar: 자궁 | 
(2023-09-30.07:51:58) contains: 은근슬쩍 | 
(2023-09-30.07:52:03) contains: 청소 | 
(2023-09-30.07:52:58) similar: 여동생 | 
(2023-09-30.07:53:10) contains: 여동생 | 
(2023-09-30.07:54:34) contains: 은근슬쩍 | 
(2023-09-30.07:54:44) contains: 성처리 | 
(2023-09-30.07:54:52) contains: 은근슬쩍 | 
(2023-09-30.07:55:17) contains: 은근슬쩍 | 
(2023-09-30.07:55:38) contains: 반응 | 
(2023-09-30.07:55:53) contains: 육변기 | 
(2023-09-30.07:55:59) contains: 자는 | 
(2023-09-30.07:56:41) contains: 일어나지 | 
(2023-09-30.07:57:01) contains: 나쁜거야 | 
(2023-09-30.08:00:03) contains: 은근슬쩍 | 
(2023-09-30.08:00:26) contains: 자궁이 패배선언 | 
(2023-09-30.08:05:29) contains: 은근슬쩍 | 
(2023-09-30.08:05:34) contains: 자궁이 패배선언 | 
(2023-09-30.08:12:27) contains: 은근슬쩍 | 
(2023-09-30.08:12:36) contains: 넌 정말 최고의 보지다 | 
(2023-09-30.08:12:51) contains: 은근슬쩍 | 
(2023-09-30.08:13:09) contains: 자궁 망가뜨려 주세요 | 
(2023-09-30.08:13:27) contains: 오나홀 | 
(2023-09-30.08:14:14) contains: 박지 않을수가 | 
(2023-09-30.08:15:43) contains: 언어중추가 | 
(2023-09-30.08:16:14) contains: 기절해버렸잖아 | 
(2023-09-30.08:17:26) contains: 기절했나 | 
(2023-09-30.08:18:14) contains: 정액냄새 | 
(2023-09-30.08:18:18) contains: 은근슬쩍 | 
(2023-09-30.08:18:26) contains: 모유 | 
(2023-09-30.08:19:02) contains: 은근슬쩍 | 
(2023-09-30.08:19:05) contains: 정액냄새에 취해 | 
(2023-09-30.08:19:10) contains: 모류 | 
(2023-09-30.08:19:12) contains: 모유 | 
