start server.
(2022-03-19.07:28:13) contains: 은근슬쩍 | 
(2022-03-19.07:28:28) contains: 발랑까진 | 
(2022-03-19.07:29:01) contains: 은근슬쩍 | 
(2022-03-19.07:29:19) contains: 은근슬쩍 어디다 | 
(2022-03-19.07:30:10) contains: 임신해랏 임신해랏 | 
(2022-03-19.07:31:08) contains: 은근슬쩍 | 
(2022-03-19.07:31:11) contains: 은근슬쩍 | 
(2022-03-19.07:31:15) contains: 포르노 한번 안보셨 | 
(2022-03-19.07:31:59) contains: 강간 | 
(2022-03-19.07:32:25) contains: 임신햇 | 
(2022-03-19.07:32:44) contains: 응기잇 | 
(2022-03-19.07:33:26) contains: 임신햇 임신햇 | 
(2022-03-19.07:34:14) contains: 싼다 싼다 | 
(2022-03-19.07:34:43) contains: 은근슬쩍 | 
(2022-03-19.07:34:48) contains: 응기잇 | 
(2022-03-19.07:35:12) contains: 최면 | 
(2022-03-19.07:35:30) contains: 싼다 싼다 싼다 | 
(2022-03-19.07:35:44) contains: 은근슬쩍 | 
(2022-03-19.07:35:53) contains: 절정고문 | 
(2022-03-19.07:36:03) contains: 누나 | 
(2022-03-19.07:36:26) contains: 싼다앗 싼다앗 | 
(2022-03-19.07:37:20) contains: 오나홀 | 
(2022-03-19.07:37:23) contains: 은근슬쩍 | 
(2022-03-19.07:38:03) contains: 은근슬쩍 | 
(2022-03-19.07:38:10) contains: 싼다앗 싼다앗 | 
(2022-03-19.07:38:46) contains: 노예 | 
(2022-03-19.07:38:49) contains: 은근슬쩍 | 
(2022-03-19.07:39:00) contains: 은근슬쩍 | 
(2022-03-19.07:39:09) contains: 암컷 타락 최면이 | 
(2022-03-19.07:39:09) contains: 은근슬쩍 | 
(2022-03-19.07:39:35) contains: 자궁 | 
(2022-03-19.07:39:52) contains: 은근슬쩍 | 
(2022-03-19.07:40:20) contains: 싼닷 싼닷 | 
(2022-03-19.07:41:38) contains: 은근슬쩍 | 
(2022-03-19.07:41:52) contains: 쌀거같아 | 
(2022-03-19.07:43:09) contains: 후타나리 | 
(2022-03-19.07:43:24) contains: 은근슬쩍 | 
(2022-03-19.07:43:34) contains: 굴복 | 
(2022-03-19.07:43:55) contains: 시간정지 | 
(2022-03-19.07:43:56) contains: 굴복선언 | 
(2022-03-19.07:44:00) contains: 은근슬쩍 | 
(2022-03-19.07:44:08) contains: 암컷 타락 최면이 | 
(2022-03-19.07:45:09) contains: 은근슬쩍 | 
(2022-03-19.07:45:13) contains: 패배 | 
(2022-03-19.07:45:18) contains: 은근슬쩍 | 
(2022-03-19.07:45:42) similar: 패배 | 
(2022-03-19.07:46:09) contains: 은근슬쩍 | 
(2022-03-19.07:47:39) contains: 절정금지 | 
(2022-03-19.07:48:01) contains: 절정방지 | 
(2022-03-19.07:48:54) contains: 절정지옥 | 
(2022-03-19.07:51:11) contains: 은근슬쩍 | 
(2022-03-19.07:53:20) contains: 은근슬쩍 | 
(2022-03-19.07:53:36) contains: 소꿉친구인 너가VR 게임을 하던 도중에대형 정전에 말려들었는데그 때 플레이하던 아바타의 설정이현실세계에도 구현화 되었고더군다나 성인 컨텐츠를즐기고 있던 탓에구현화 중에 도파민이증가해버려서지금도 발정이 계속되어몇번이나 오나니를 해보았지만점점 | 
(2022-03-19.07:54:28) contains: 은근슬쩍 | 
(2022-03-19.07:54:33) contains: 은근슬쩍 | 
(2022-03-19.07:55:34) contains: 은근슬쩍 | 
(2022-03-19.07:56:19) contains: 은근슬쩍 | 
(2022-03-19.07:56:24) contains: 귀여워 | 
(2022-03-19.07:57:04) similar: 귀여워 | 
(2022-03-19.08:00:14) contains: 은근슬쩍 | 
(2022-03-19.08:02:07) contains: 은근슬쩍 | 
(2022-03-19.08:03:07) contains: 은근슬쩍 | 
(2022-03-19.08:03:27) contains: 은근슬쩍 | 
(2022-03-19.08:03:33) contains: 보지털 | 
(2022-03-19.08:05:05) contains: 은근슬쩍 | 
(2022-03-19.08:05:22) contains: 절정직전 | 
(2022-03-19.08:05:51) contains: 연속절정 | 
(2022-03-19.08:05:54) contains: 은근슬쩍 | 
(2022-03-19.08:06:00) contains: 응기잇 | 
(2022-03-19.08:06:42) contains: 은근슬쩍 | 
(2022-03-19.08:06:42) contains: 조교일지 | 
(2022-03-19.08:06:48) contains: 은근슬쩍 | 
(2022-03-19.08:06:50) contains: 변소 | 
(2022-03-19.08:06:53) contains: 자위 | 
(2022-03-19.08:07:08) contains: 은근슬쩍 | 
(2022-03-19.08:07:17) contains: 못 잊고 | 
(2022-03-19.08:07:53) contains: 은근슬쩍 | 
(2022-03-19.08:08:05) contains: 공공장소 | 
